<?xml version="1.0" encoding="UTF-8"?>
<testng-results skipped="0" failed="0" ignored="0" total="1" passed="1">
  <reporter-output>
  </reporter-output>
  <suite name="Default suite" duration-ms="84" started-at="2021-09-20T09:37:37 IST" finished-at="2021-09-20T09:37:37 IST">
    <groups>
    </groups>
    <test name="Default test" duration-ms="84" started-at="2021-09-20T09:37:37 IST" finished-at="2021-09-20T09:37:37 IST">
      <class name="day6_maven.CSvfile">
        <test-method status="PASS" signature="f()[pri:0, instance:day6_maven.CSvfile@34cd072c]" name="f" duration-ms="27" started-at="2021-09-20T09:37:37 IST" finished-at="2021-09-20T09:37:37 IST">
          <reporter-output>
          </reporter-output>
        </test-method> <!-- f -->
      </class> <!-- day6_maven.CSvfile -->
    </test> <!-- Default test -->
  </suite> <!-- Default suite -->
</testng-results>
