<?xml version="1.0" encoding="UTF-8"?>
<testng-results skipped="0" failed="0" ignored="0" total="3" passed="3">
  <reporter-output>
  </reporter-output>
  <suite name="Suite" duration-ms="38" started-at="2021-09-24T09:30:15Z" finished-at="2021-09-24T09:30:15Z">
    <groups>
    </groups>
    <test name="Testng" duration-ms="38" started-at="2021-09-24T09:30:15Z" finished-at="2021-09-24T09:30:15Z">
      <class name="loginTests.AppTesting">
        <test-method status="PASS" signature="invalid()[pri:0, instance:loginTests.AppTesting@161b062a]" name="invalid" duration-ms="1" started-at="2021-09-24T09:30:15Z" description="InValid" finished-at="2021-09-24T09:30:15Z">
          <reporter-output>
          </reporter-output>
        </test-method> <!-- invalid -->
        <test-method status="PASS" signature="valid()[pri:0, instance:loginTests.AppTesting@161b062a]" name="valid" duration-ms="0" started-at="2021-09-24T09:30:15Z" description="Valid" finished-at="2021-09-24T09:30:15Z">
          <reporter-output>
          </reporter-output>
        </test-method> <!-- valid -->
      </class> <!-- loginTests.AppTesting -->
      <class name="loginTests.Comparison">
        <test-method status="PASS" signature="compare()[pri:0, instance:loginTests.Comparison@50a7bc6e]" name="compare" duration-ms="11" started-at="2021-09-24T09:30:15Z" finished-at="2021-09-24T09:30:15Z">
          <reporter-output>
          </reporter-output>
        </test-method> <!-- compare -->
      </class> <!-- loginTests.Comparison -->
    </test> <!-- Testng -->
  </suite> <!-- Suite -->
</testng-results>
