<?xml version="1.0" encoding="UTF-8"?>
<!-- Generated by org.testng.reporters.JUnitXMLReporter -->
<testsuite hostname="DESKTOP-79SRAMQ" ignored="0" name="Testng" tests="3" failures="0" timestamp="24 Sep 2021 09:27:13 GMT" time="0.069" errors="0">
  <testcase name="compare" time="0.012" classname="loginTests.Comparison"/>
  <testcase name="invalid" time="0.004" classname="loginTests.AppTesting"/>
  <testcase name="valid" time="0.003" classname="loginTests.AppTesting"/>
</testsuite> <!-- Testng -->
